have_struct_member: checking for rb_method_entry_t.body in method.h... -------------------- no

"gcc -o conftest -I/home/saasbook/.rvm/rubies/ruby-1.9.3-p448/include/ruby-1.9.1/i686-linux -I/home/saasbook/.rvm/rubies/ruby-1.9.3-p448/include/ruby-1.9.1/ruby/backward -I/home/saasbook/.rvm/rubies/ruby-1.9.3-p448/include/ruby-1.9.1 -I.  -D_FILE_OFFSET_BITS=64   -O3 -ggdb -Wall -Wextra -Wno-unused-parameter -Wno-parentheses -Wno-long-long -Wno-missing-field-initializers -Wpointer-arith -Wwrite-strings -Wdeclaration-after-statement -Wimplicit-function-declaration  -fPIC -DRB_ISEQ_COMPILE_6ARGS conftest.c  -L. -L/home/saasbook/.rvm/rubies/ruby-1.9.3-p448/lib -Wl,-R/home/saasbook/.rvm/rubies/ruby-1.9.3-p448/lib -L.  -rdynamic -Wl,-export-dynamic     '-Wl,-rpath,/../lib' -Wl,-R -Wl,/home/saasbook/.rvm/rubies/ruby-1.9.3-p448/lib -L/home/saasbook/.rvm/rubies/ruby-1.9.3-p448/lib -lruby  -lpthread -lrt -ldl -lcrypt -lm   -lc"
checked program was:
/* begin */
1: #include "ruby.h"
2: 
3: int main(int argc, char **argv)
4: {
5:   return 0;
6: }
/* end */

"gcc -I/home/saasbook/.rvm/rubies/ruby-1.9.3-p448/include/ruby-1.9.1/i686-linux -I/home/saasbook/.rvm/rubies/ruby-1.9.3-p448/include/ruby-1.9.1/ruby/backward -I/home/saasbook/.rvm/rubies/ruby-1.9.3-p448/include/ruby-1.9.1 -I.  -D_FILE_OFFSET_BITS=64   -O3 -ggdb -Wall -Wextra -Wno-unused-parameter -Wno-parentheses -Wno-long-long -Wno-missing-field-initializers -Wpointer-arith -Wwrite-strings -Wdeclaration-after-statement -Wimplicit-function-declaration  -fPIC -DRB_ISEQ_COMPILE_6ARGS   -c conftest.c"
conftest.c:3:20: fatal error: method.h: No such file or directory
compilation terminated.
checked program was:
/* begin */
 1: #include "ruby.h"
 2: 
 3: #include <method.h>
 4: 
 5: /*top*/
 6: int s = (char *)&((rb_method_entry_t*)0)->body - (char *)0;
 7: int main(int argc, char **argv)
 8: {
 9:   if (argc > 1000000) {
10:     printf("%p", &s);
11:   }
12: 
13:   return 0;
14: }
/* end */

--------------------

have_header: checking for vm_core.h... -------------------- no

"gcc -E -I/home/saasbook/.rvm/rubies/ruby-1.9.3-p448/include/ruby-1.9.1/i686-linux -I/home/saasbook/.rvm/rubies/ruby-1.9.3-p448/include/ruby-1.9.1/ruby/backward -I/home/saasbook/.rvm/rubies/ruby-1.9.3-p448/include/ruby-1.9.1 -I.  -D_FILE_OFFSET_BITS=64   -O3 -ggdb -Wall -Wextra -Wno-unused-parameter -Wno-parentheses -Wno-long-long -Wno-missing-field-initializers -Wpointer-arith -Wwrite-strings -Wdeclaration-after-statement -Wimplicit-function-declaration  -fPIC -DRB_ISEQ_COMPILE_6ARGS  conftest.c -o conftest.i"
conftest.c:3:21: fatal error: vm_core.h: No such file or directory
compilation terminated.
checked program was:
/* begin */
1: #include "ruby.h"
2: 
3: #include <vm_core.h>
/* end */

--------------------

have_struct_member: checking for rb_method_entry_t.body in method.h... -------------------- no

"gcc -I/home/saasbook/.rvm/rubies/ruby-1.9.3-p448/include/ruby-1.9.1/i686-linux -I/home/saasbook/.rvm/rubies/ruby-1.9.3-p448/include/ruby-1.9.1/ruby/backward -I/home/saasbook/.rvm/rubies/ruby-1.9.3-p448/include/ruby-1.9.1 -I. -I/home/saasbook/.rvm/rubies/ruby-1.9.3-p448/include/ruby-1.9.1/ruby-1.9.3-p448  -O3 -ggdb -Wall -Wextra -Wno-unused-parameter -Wno-parentheses -Wno-long-long -Wno-missing-field-initializers -Wpointer-arith -Wwrite-strings -Wdeclaration-after-statement -Wimplicit-function-declaration  -fPIC -DRB_ISEQ_COMPILE_6ARGS   -c conftest.c"
conftest.c:6:41: error: ‘rb_method_entry_t’ has no member named ‘body’
checked program was:
/* begin */
 1: #include "ruby.h"
 2: 
 3: #include <method.h>
 4: 
 5: /*top*/
 6: int s = (char *)&((rb_method_entry_t*)0)->body - (char *)0;
 7: int main(int argc, char **argv)
 8: {
 9:   if (argc > 1000000) {
10:     printf("%p", &s);
11:   }
12: 
13:   return 0;
14: }
/* end */

--------------------

have_header: checking for vm_core.h... -------------------- yes

"gcc -E -I/home/saasbook/.rvm/rubies/ruby-1.9.3-p448/include/ruby-1.9.1/i686-linux -I/home/saasbook/.rvm/rubies/ruby-1.9.3-p448/include/ruby-1.9.1/ruby/backward -I/home/saasbook/.rvm/rubies/ruby-1.9.3-p448/include/ruby-1.9.1 -I. -I/home/saasbook/.rvm/rubies/ruby-1.9.3-p448/include/ruby-1.9.1/ruby-1.9.3-p448  -O3 -ggdb -Wall -Wextra -Wno-unused-parameter -Wno-parentheses -Wno-long-long -Wno-missing-field-initializers -Wpointer-arith -Wwrite-strings -Wdeclaration-after-statement -Wimplicit-function-declaration  -fPIC -DRB_ISEQ_COMPILE_6ARGS  conftest.c -o conftest.i"
checked program was:
/* begin */
1: #include "ruby.h"
2: 
3: #include <vm_core.h>
/* end */

--------------------

have_header: checking for iseq.h... -------------------- yes

"gcc -E -I/home/saasbook/.rvm/rubies/ruby-1.9.3-p448/include/ruby-1.9.1/i686-linux -I/home/saasbook/.rvm/rubies/ruby-1.9.3-p448/include/ruby-1.9.1/ruby/backward -I/home/saasbook/.rvm/rubies/ruby-1.9.3-p448/include/ruby-1.9.1 -I. -I/home/saasbook/.rvm/rubies/ruby-1.9.3-p448/include/ruby-1.9.1/ruby-1.9.3-p448  -O3 -ggdb -Wall -Wextra -Wno-unused-parameter -Wno-parentheses -Wno-long-long -Wno-missing-field-initializers -Wpointer-arith -Wwrite-strings -Wdeclaration-after-statement -Wimplicit-function-declaration  -fPIC -DRB_ISEQ_COMPILE_6ARGS  conftest.c -o conftest.i"
checked program was:
/* begin */
1: #include "ruby.h"
2: 
3: #include <iseq.h>
/* end */

--------------------

have_header: checking for insns.inc... -------------------- yes

"gcc -E -I/home/saasbook/.rvm/rubies/ruby-1.9.3-p448/include/ruby-1.9.1/i686-linux -I/home/saasbook/.rvm/rubies/ruby-1.9.3-p448/include/ruby-1.9.1/ruby/backward -I/home/saasbook/.rvm/rubies/ruby-1.9.3-p448/include/ruby-1.9.1 -I. -I/home/saasbook/.rvm/rubies/ruby-1.9.3-p448/include/ruby-1.9.1/ruby-1.9.3-p448  -O3 -ggdb -Wall -Wextra -Wno-unused-parameter -Wno-parentheses -Wno-long-long -Wno-missing-field-initializers -Wpointer-arith -Wwrite-strings -Wdeclaration-after-statement -Wimplicit-function-declaration  -fPIC -DRB_ISEQ_COMPILE_6ARGS  conftest.c -o conftest.i"
checked program was:
/* begin */
1: #include "ruby.h"
2: 
3: #include <insns.inc>
/* end */

--------------------

have_header: checking for insns_info.inc... -------------------- yes

"gcc -E -I/home/saasbook/.rvm/rubies/ruby-1.9.3-p448/include/ruby-1.9.1/i686-linux -I/home/saasbook/.rvm/rubies/ruby-1.9.3-p448/include/ruby-1.9.1/ruby/backward -I/home/saasbook/.rvm/rubies/ruby-1.9.3-p448/include/ruby-1.9.1 -I. -I/home/saasbook/.rvm/rubies/ruby-1.9.3-p448/include/ruby-1.9.1/ruby-1.9.3-p448  -O3 -ggdb -Wall -Wextra -Wno-unused-parameter -Wno-parentheses -Wno-long-long -Wno-missing-field-initializers -Wpointer-arith -Wwrite-strings -Wdeclaration-after-statement -Wimplicit-function-declaration  -fPIC -DRB_ISEQ_COMPILE_6ARGS  conftest.c -o conftest.i"
checked program was:
/* begin */
1: #include "ruby.h"
2: 
3: #include <insns_info.inc>
/* end */

--------------------

have_header: checking for eval_intern.h... -------------------- yes

"gcc -E -I/home/saasbook/.rvm/rubies/ruby-1.9.3-p448/include/ruby-1.9.1/i686-linux -I/home/saasbook/.rvm/rubies/ruby-1.9.3-p448/include/ruby-1.9.1/ruby/backward -I/home/saasbook/.rvm/rubies/ruby-1.9.3-p448/include/ruby-1.9.1 -I. -I/home/saasbook/.rvm/rubies/ruby-1.9.3-p448/include/ruby-1.9.1/ruby-1.9.3-p448  -O3 -ggdb -Wall -Wextra -Wno-unused-parameter -Wno-parentheses -Wno-long-long -Wno-missing-field-initializers -Wpointer-arith -Wwrite-strings -Wdeclaration-after-statement -Wimplicit-function-declaration  -fPIC -DRB_ISEQ_COMPILE_6ARGS  conftest.c -o conftest.i"
checked program was:
/* begin */
1: #include "ruby.h"
2: 
3: #include <eval_intern.h>
/* end */

--------------------

