have_header: checking for vm_core.h... -------------------- no

"gcc -o conftest -I/home/saasbook/.rvm/rubies/ruby-1.9.3-p448/include/ruby-1.9.1/i686-linux -I/home/saasbook/.rvm/rubies/ruby-1.9.3-p448/include/ruby-1.9.1/ruby/backward -I/home/saasbook/.rvm/rubies/ruby-1.9.3-p448/include/ruby-1.9.1 -I.  -D_FILE_OFFSET_BITS=64   -O3 -ggdb -Wall -Wextra -Wno-unused-parameter -Wno-parentheses -Wno-long-long -Wno-missing-field-initializers -Wpointer-arith -Wwrite-strings -Wdeclaration-after-statement -Wimplicit-function-declaration  -fPIC conftest.c  -L. -L/home/saasbook/.rvm/rubies/ruby-1.9.3-p448/lib -Wl,-R/home/saasbook/.rvm/rubies/ruby-1.9.3-p448/lib -L.  -rdynamic -Wl,-export-dynamic     '-Wl,-rpath,/../lib' -Wl,-R -Wl,/home/saasbook/.rvm/rubies/ruby-1.9.3-p448/lib -L/home/saasbook/.rvm/rubies/ruby-1.9.3-p448/lib -lruby  -lpthread -lrt -ldl -lcrypt -lm   -lc"
checked program was:
/* begin */
1: #include "ruby.h"
2: 
3: int main(int argc, char **argv)
4: {
5:   return 0;
6: }
/* end */

"gcc -E -I/home/saasbook/.rvm/rubies/ruby-1.9.3-p448/include/ruby-1.9.1/i686-linux -I/home/saasbook/.rvm/rubies/ruby-1.9.3-p448/include/ruby-1.9.1/ruby/backward -I/home/saasbook/.rvm/rubies/ruby-1.9.3-p448/include/ruby-1.9.1 -I.  -D_FILE_OFFSET_BITS=64   -O3 -ggdb -Wall -Wextra -Wno-unused-parameter -Wno-parentheses -Wno-long-long -Wno-missing-field-initializers -Wpointer-arith -Wwrite-strings -Wdeclaration-after-statement -Wimplicit-function-declaration  -fPIC  conftest.c -o conftest.i"
conftest.c:3:21: fatal error: vm_core.h: No such file or directory
compilation terminated.
checked program was:
/* begin */
1: #include "ruby.h"
2: 
3: #include <vm_core.h>
/* end */

--------------------

have_header: checking for vm_core.h... -------------------- no

"gcc -E -I/home/saasbook/.rvm/rubies/ruby-1.9.3-p448/include/ruby-1.9.1/i686-linux -I/home/saasbook/.rvm/rubies/ruby-1.9.3-p448/include/ruby-1.9.1/ruby/backward -I/home/saasbook/.rvm/rubies/ruby-1.9.3-p448/include/ruby-1.9.1 -I. -I/home/saasbook/.rvm/rubies/ruby-1.9.3-p448/include/ruby-1.9.1/ruby-1.9.3-p448  -O3 -ggdb -Wall -Wextra -Wno-unused-parameter -Wno-parentheses -Wno-long-long -Wno-missing-field-initializers -Wpointer-arith -Wwrite-strings -Wdeclaration-after-statement -Wimplicit-function-declaration  -fPIC  conftest.c -o conftest.i"
conftest.c:3:21: fatal error: vm_core.h: No such file or directory
compilation terminated.
checked program was:
/* begin */
1: #include "ruby.h"
2: 
3: #include <vm_core.h>
/* end */

--------------------

have_header: checking for vm_core.h... -------------------- yes

"gcc -E -I/home/saasbook/.rvm/rubies/ruby-1.9.3-p448/include/ruby-1.9.1/i686-linux -I/home/saasbook/.rvm/rubies/ruby-1.9.3-p448/include/ruby-1.9.1/ruby/backward -I/home/saasbook/.rvm/rubies/ruby-1.9.3-p448/include/ruby-1.9.1 -I. -I/home/saasbook/.rvm/rubies/ruby-1.9.3-p448/include/ruby-1.9.1/ruby-1.9.3-p448  -O3 -ggdb -Wall -Wextra -Wno-unused-parameter -Wno-parentheses -Wno-long-long -Wno-missing-field-initializers -Wpointer-arith -Wwrite-strings -Wdeclaration-after-statement -Wimplicit-function-declaration  -fPIC  conftest.c -o conftest.i"
checked program was:
/* begin */
1: #include "ruby.h"
2: 
3: #include <vm_core.h>
/* end */

--------------------

have_header: checking for version.h... -------------------- yes

"gcc -E -I/home/saasbook/.rvm/rubies/ruby-1.9.3-p448/include/ruby-1.9.1/i686-linux -I/home/saasbook/.rvm/rubies/ruby-1.9.3-p448/include/ruby-1.9.1/ruby/backward -I/home/saasbook/.rvm/rubies/ruby-1.9.3-p448/include/ruby-1.9.1 -I. -I/home/saasbook/.rvm/rubies/ruby-1.9.3-p448/include/ruby-1.9.1/ruby-1.9.3-p448  -O3 -ggdb -Wall -Wextra -Wno-unused-parameter -Wno-parentheses -Wno-long-long -Wno-missing-field-initializers -Wpointer-arith -Wwrite-strings -Wdeclaration-after-statement -Wimplicit-function-declaration  -fPIC  conftest.c -o conftest.i"
checked program was:
/* begin */
1: #include "ruby.h"
2: 
3: #include <version.h>
/* end */

--------------------

